---------------
Solve By OpenCV
---------------
{'cost time': 10.38270(MS)}
matched points: 75
essential matrix:
[0.009476120410375273, 0.2124514409709818, 0.1143379074350115;
 -0.1982554336303657, 0.03327101904283745, -0.669375737179301;
 -0.06928586652949775, 0.6693726556233317, 0.01910739912399924]
mean: -0.000195134
errorMeanNorm: 0.00124172
sigma: 0.00163348
---------------
Solve By Ourself
---------------
{'cost time': 0.17586(MS)}
matched points: 59
essential matrix:
0.0238687  0.565404  0.213721
-0.509386   0.08651 -0.389609
 -0.17464  0.429546 0.0176223
mean: 1.25362e-05
errorMeanNorm: 0.000383489
sigma: 0.000474903
rotation matrix
  0.994912 -0.0930117  0.0387284
 0.0912133   0.994774   0.045872
-0.0427926 -0.0421061   0.998196
translation vector
-0.554473 -0.284364   0.78211
point's depth which used to check soluation 
6.04497, 6.87744